Source:  /Volumes/Untitled
Output:  /Users/cuthbert/work_local/70mai_project/video/Output
Chunk:   10 min
Gap:     120 sec
Types:   Normal, Event, Parking
Cameras: Front, Back
Merge:   ffmpeg concat -c copy (lossless, no re-encode)
Probe:   8 parallel ffprobe workers

Found 1906 clips in 6 group(s)
Estimated output files: ~920
Probe: [░░░░░░░░░░░░░░░░░░░░░░░░░░░░░░░░░░░░] 0/1906 (0.0%) | 0s elapsed | ETA 0s
Merge: [░░░░░░░░░░░░░░░░░░░░░░░░░░░░░░░░░░░░] 0/920 (0.0%) | 0s elapsed | ETA 0s
TOTAL: [░░░░░░░░░░░░░░░░░░░░░░░░░░░░░░░░░░░░] 0/2826 (0.0%) | starting | 0s | ETA 0s

>>> Group 1/6: Normal/Front

--- Normal/Front: 463 clips, 11 sessions ---
TOTAL: [░░░░░░░░░░░░░░░░░░░░░░░░░░░░░░░░░░░░] 0/2826 (0.0%) | probing | Normal/Front | 0s | ETA 0s
  probing 463 clip(s) (8 parallel workers)...
Probe: [░░░░░░░░░░░░░░░░░░░░░░░░░░░░░░░░░░░░] 1/1906 (0.1%) | 0s elapsed | ETA 25m 10s | NO20260425-130219-040748F.MP4
TOTAL: [░░░░░░░░░░░░░░░░░░░░░░░░░░░░░░░░░░░░] 1/2826 (0.0%) | probing | Normal/Front | 0s | ETA 37m 22s
Probe: [░░░░░░░░░░░░░░░░░░░░░░░░░░░░░░░░░░░░] 20/1906 (1.0%) | 1s elapsed | ETA 3m 02s | NO20260425-131819-040764F.MP4
Probe: [░░░░░░░░░░░░░░░░░░░░░░░░░░░░░░░░░░░░] 39/1906 (2.0%) | 3s elapsed | ETA 2m 36s | NO20260425-133949-040787F.MP4
TOTAL: [░░░░░░░░░░░░░░░░░░░░░░░░░░░░░░░░░░░░] 57/2826 (2.0%) | probing | Normal/Front | 4s | ETA 3m 59s
Probe: [█░░░░░░░░░░░░░░░░░░░░░░░░░░░░░░░░░░░] 58/1906 (3.0%) | 5s elapsed | ETA 2m 41s | NO20260425-143659-040806F.MP4
Probe: [█░░░░░░░░░░░░░░░░░░░░░░░░░░░░░░░░░░░] 77/1906 (4.0%) | 6s elapsed | ETA 2m 35s | NO20260425-145531-040826F.MP4
Probe: [█░░░░░░░░░░░░░░░░░░░░░░░░░░░░░░░░░░░] 96/1906 (5.0%) | 7s elapsed | ETA 2m 23s | NO20260425-151622-040848F.MP4
TOTAL: [█░░░░░░░░░░░░░░░░░░░░░░░░░░░░░░░░░░░] 114/2826 (4.0%) | probing | Normal/Front | 8s | ETA 3m 25s
Probe: [██░░░░░░░░░░░░░░░░░░░░░░░░░░░░░░░░░░] 115/1906 (6.0%) | 8s elapsed | ETA 2m 14s | NO20260425-153322-040865F.MP4
Probe: [██░░░░░░░░░░░░░░░░░░░░░░░░░░░░░░░░░░] 134/1906 (7.0%) | 10s elapsed | ETA 2m 14s | NO20260426-123919-040885F.MP4
Probe: [██░░░░░░░░░░░░░░░░░░░░░░░░░░░░░░░░░░] 153/1906 (8.0%) | 11s elapsed | ETA 2m 14s | NO20260426-131732-040904F.MP4
TOTAL: [██░░░░░░░░░░░░░░░░░░░░░░░░░░░░░░░░░░] 170/2826 (6.0%) | probing | Normal/Front | 13s | ETA 3m 23s
Probe: [███░░░░░░░░░░░░░░░░░░░░░░░░░░░░░░░░░] 172/1906 (9.0%) | 13s elapsed | ETA 2m 11s | NO20260426-155156-040924F.MP4
Probe: [███░░░░░░░░░░░░░░░░░░░░░░░░░░░░░░░░░] 191/1906 (10.0%) | 14s elapsed | ETA 2m 08s | NO20260426-161250-040948F.MP4
Probe: [███░░░░░░░░░░░░░░░░░░░░░░░░░░░░░░░░░] 210/1906 (11.0%) | 15s elapsed | ETA 2m 05s | NO20260426-163150-040967F.MP4
TOTAL: [██░░░░░░░░░░░░░░░░░░░░░░░░░░░░░░░░░░] 227/2826 (8.0%) | probing | Normal/Front | 16s | ETA 3m 10s
Probe: [████░░░░░░░░░░░░░░░░░░░░░░░░░░░░░░░░] 229/1906 (12.0%) | 16s elapsed | ETA 2m 01s | NO20260426-165150-040987F.MP4
Probe: [████░░░░░░░░░░░░░░░░░░░░░░░░░░░░░░░░] 248/1906 (13.0%) | 17s elapsed | ETA 1m 56s | NO20260426-171043-041007F.MP4
Probe: [█████░░░░░░░░░░░░░░░░░░░░░░░░░░░░░░░] 267/1906 (14.0%) | 18s elapsed | ETA 1m 54s | NO20260426-172843-041025F.MP4
TOTAL: [███░░░░░░░░░░░░░░░░░░░░░░░░░░░░░░░░░] 283/2826 (10.0%) | probing | Normal/Front | 19s | ETA 2m 53s
Probe: [█████░░░░░░░░░░░░░░░░░░░░░░░░░░░░░░░] 286/1906 (15.0%) | 19s elapsed | ETA 1m 51s | NO20260426-174850-041046F.MP4
Probe: [█████░░░░░░░░░░░░░░░░░░░░░░░░░░░░░░░] 305/1906 (16.0%) | 21s elapsed | ETA 1m 51s | NO20260426-180742-041066F.MP4
Probe: [██████░░░░░░░░░░░░░░░░░░░░░░░░░░░░░░] 325/1906 (17.1%) | 23s elapsed | ETA 1m 52s | NO20260426-182742-041086F.MP4
TOTAL: [████░░░░░░░░░░░░░░░░░░░░░░░░░░░░░░░░] 340/2826 (12.0%) | probing | Normal/Front | 24s | ETA 2m 55s
Probe: [██████░░░░░░░░░░░░░░░░░░░░░░░░░░░░░░] 344/1906 (18.0%) | 24s elapsed | ETA 1m 49s | NO20260427-065432-041106F.MP4
Probe: [██████░░░░░░░░░░░░░░░░░░░░░░░░░░░░░░] 363/1906 (19.0%) | 25s elapsed | ETA 1m 47s | NO20260427-071350-041128F.MP4
Probe: [███████░░░░░░░░░░░░░░░░░░░░░░░░░░░░░] 382/1906 (20.0%) | 26s elapsed | ETA 1m 44s | NO20260427-073100-041146F.MP4
TOTAL: [█████░░░░░░░░░░░░░░░░░░░░░░░░░░░░░░░] 396/2826 (14.0%) | probing | Normal/Front | 26s | ETA 2m 44s
Probe: [███████░░░░░░░░░░░░░░░░░░░░░░░░░░░░░] 401/1906 (21.0%) | 26s elapsed | ETA 1m 41s | NO20260427-075100-041166F.MP4
Probe: [███████░░░░░░░░░░░░░░░░░░░░░░░░░░░░░] 420/1906 (22.0%) | 28s elapsed | ETA 1m 40s | NO20260427-081100-041186F.MP4
Probe: [████████░░░░░░░░░░░░░░░░░░░░░░░░░░░░] 439/1906 (23.0%) | 29s elapsed | ETA 1m 39s | NO20260427-082800-041203F.MP4
TOTAL: [█████░░░░░░░░░░░░░░░░░░░░░░░░░░░░░░░] 453/2826 (16.0%) | probing | Normal/Front | 30s | ETA 2m 40s
Probe: [████████░░░░░░░░░░░░░░░░░░░░░░░░░░░░] 458/1906 (24.0%) | 30s elapsed | ETA 1m 37s | NO20260427-084915-041225F.MP4
TOTAL: [█████░░░░░░░░░░░░░░░░░░░░░░░░░░░░░░░] 463/2826 (16.4%) | merging | Normal/Front | 31s | ETA 2m 39s
  session 1/11 -> 5 output file(s)
  skip (exists, 729 MB): NO_20260425-130119_131019_F.mp4
Merge: [░░░░░░░░░░░░░░░░░░░░░░░░░░░░░░░░░░░░] 1/920 (0.1%) | 31s elapsed | ETA 7h 58m 32s | skipped
  merging 10 clips (10.0 min) -> NO_20260425-131119_132019_F.mp4
