Source:  /Volumes/Untitled
Output:  /Users/cuthbert/work_local/70mai_project/video
Chunk:   10 min
Gap:     120 sec
Types:   Normal, Event, Parking
Cameras: Front, Back
Range:   2026-04-27 08:00:00 -> 2026-04-27 09:00:00

Found 112 clips in 4 group(s)
Estimated output files: ~16
== Probing clip durations: 0/112 (0%) | elapsed 0s
== Merging output files: 0/16 (0%) | elapsed 0s

>>> Group 1/4: Normal/Front

--- Normal/Front: 55 clips, 2 sessions ---
  session 1/2: 54 clips, probing 54 new file(s)...
== Probing clip durations: 1/112 (1%) | elapsed 0s | ETA 0s | NO20260427-080000-041175F.MP4
== Probing clip durations: 2/112 (2%) | elapsed 0s | ETA 7s | NO20260427-080100-041176F.MP4
== Probing clip durations: 3/112 (3%) | elapsed 0s | ETA 9s | NO20260427-080200-041177F.MP4
== Probing clip durations: 4/112 (4%) | elapsed 0s | ETA 10s | NO20260427-080300-041178F.MP4
== Probing clip durations: 5/112 (4%) | elapsed 0s | ETA 13s | NO20260427-080400-041179F.MP4
== Probing clip durations: 6/112 (5%) | elapsed 0s | ETA 13s | NO20260427-080500-041180F.MP4
== Probing clip durations: 7/112 (6%) | elapsed 0s | ETA 13s | NO20260427-080600-041181F.MP4
== Probing clip durations: 8/112 (7%) | elapsed 1s | ETA 14s | NO20260427-080700-041182F.MP4
== Probing clip durations: 9/112 (8%) | elapsed 1s | ETA 15s | NO20260427-080800-041183F.MP4
== Probing clip durations: 10/112 (9%) | elapsed 1s | ETA 16s | NO20260427-080900-041184F.MP4
== Probing clip durations: 11/112 (10%) | elapsed 1s | ETA 16s | NO20260427-081000-041185F.MP4
== Probing clip durations: 12/112 (11%) | elapsed 1s | ETA 16s | NO20260427-081100-041186F.MP4
== Probing clip durations: 13/112 (12%) | elapsed 2s | ETA 17s | NO20260427-081200-041187F.MP4
== Probing clip durations: 14/112 (12%) | elapsed 2s | ETA 16s | NO20260427-081300-041188F.MP4
== Probing clip durations: 15/112 (13%) | elapsed 2s | ETA 16s | NO20260427-081400-041189F.MP4
== Probing clip durations: 16/112 (14%) | elapsed 2s | ETA 16s | NO20260427-081500-041190F.MP4
== Probing clip durations: 17/112 (15%) | elapsed 2s | ETA 16s | NO20260427-081600-041191F.MP4
== Probing clip durations: 18/112 (16%) | elapsed 3s | ETA 15s | NO20260427-081700-041192F.MP4
== Probing clip durations: 19/112 (17%) | elapsed 3s | ETA 15s | NO20260427-081800-041193F.MP4
== Probing clip durations: 20/112 (18%) | elapsed 3s | ETA 15s | NO20260427-081900-041194F.MP4
== Probing clip durations: 21/112 (19%) | elapsed 3s | ETA 15s | NO20260427-082000-041195F.MP4
== Probing clip durations: 22/112 (20%) | elapsed 3s | ETA 14s | NO20260427-082100-041196F.MP4
== Probing clip durations: 23/112 (21%) | elapsed 3s | ETA 14s | NO20260427-082200-041197F.MP4
== Probing clip durations: 24/112 (21%) | elapsed 3s | ETA 14s | NO20260427-082300-041198F.MP4
== Probing clip durations: 25/112 (22%) | elapsed 3s | ETA 13s | NO20260427-082400-041199F.MP4
== Probing clip durations: 26/112 (23%) | elapsed 4s | ETA 13s | NO20260427-082500-041200F.MP4
== Probing clip durations: 27/112 (24%) | elapsed 4s | ETA 13s | NO20260427-082600-041201F.MP4
== Probing clip durations: 28/112 (25%) | elapsed 4s | ETA 12s | NO20260427-082700-041202F.MP4
== Probing clip durations: 29/112 (26%) | elapsed 4s | ETA 12s | NO20260427-082800-041203F.MP4
== Probing clip durations: 30/112 (27%) | elapsed 4s | ETA 12s | NO20260427-082900-041204F.MP4
== Probing clip durations: 31/112 (28%) | elapsed 4s | ETA 12s | NO20260427-083000-041205F.MP4
== Probing clip durations: 32/112 (29%) | elapsed 4s | ETA 11s | NO20260427-083100-041206F.MP4
== Probing clip durations: 33/112 (29%) | elapsed 4s | ETA 11s | NO20260427-083200-041207F.MP4
== Probing clip durations: 34/112 (30%) | elapsed 5s | ETA 11s | NO20260427-083300-041208F.MP4
== Probing clip durations: 35/112 (31%) | elapsed 5s | ETA 11s | NO20260427-083400-041209F.MP4
== Probing clip durations: 36/112 (32%) | elapsed 5s | ETA 11s | NO20260427-083500-041210F.MP4
== Probing clip durations: 37/112 (33%) | elapsed 5s | ETA 11s | NO20260427-083600-041211F.MP4
== Probing clip durations: 38/112 (34%) | elapsed 5s | ETA 10s | NO20260427-083700-041212F.MP4
== Probing clip durations: 39/112 (35%) | elapsed 5s | ETA 10s | NO20260427-083800-041213F.MP4
== Probing clip durations: 40/112 (36%) | elapsed 5s | ETA 10s | NO20260427-083900-041214F.MP4
== Probing clip durations: 41/112 (37%) | elapsed 6s | ETA 10s | NO20260427-084000-041215F.MP4
== Probing clip durations: 42/112 (38%) | elapsed 6s | ETA 10s | NO20260427-084100-041216F.MP4
== Probing clip durations: 43/112 (38%) | elapsed 6s | ETA 10s | NO20260427-084200-041217F.MP4
== Probing clip durations: 44/112 (39%) | elapsed 7s | ETA 10s | NO20260427-084300-041218F.MP4
== Probing clip durations: 45/112 (40%) | elapsed 7s | ETA 10s | NO20260427-084400-041219F.MP4
== Probing clip durations: 46/112 (41%) | elapsed 7s | ETA 10s | NO20260427-084500-041220F.MP4
== Probing clip durations: 47/112 (42%) | elapsed 7s | ETA 10s | NO20260427-084600-041221F.MP4
== Probing clip durations: 48/112 (43%) | elapsed 7s | ETA 10s | NO20260427-084700-041222F.MP4
== Probing clip durations: 49/112 (44%) | elapsed 7s | ETA 10s | NO20260427-084815-041224F.MP4
== Probing clip durations: 50/112 (45%) | elapsed 8s | ETA 10s | NO20260427-084915-041225F.MP4
== Probing clip durations: 51/112 (46%) | elapsed 8s | ETA 10s | NO20260427-085015-041226F.MP4
== Probing clip durations: 52/112 (46%) | elapsed 8s | ETA 10s | NO20260427-085115-041227F.MP4
== Probing clip durations: 53/112 (47%) | elapsed 8s | ETA 9s | NO20260427-085215-041228F.MP4
== Probing clip durations: 54/112 (48%) | elapsed 9s | ETA 9s | NO20260427-085315-041229F.MP4
  session 1/2 -> 6 output file(s)
  merging 10 clips (10.0 min) -> NO_20260427-080000_080900_F.mp4
== Merging output files: 1/16 (6%) | elapsed 2m 41s | ETA 40m 24s | done 2325 MB in 2m 32s
  merging 10 clips (10.0 min) -> NO_20260427-081000_081900_F.mp4
== Merging output files: 2/16 (12%) | elapsed 5m 13s | ETA 36m 32s | done 2325 MB in 2m 31s
  merging 10 clips (10.0 min) -> NO_20260427-082000_082900_F.mp4
== Merging output files: 3/16 (19%) | elapsed 7m 45s | ETA 33m 39s | done 2325 MB in 2m 32s
  merging 9 clips (9.0 min) -> NO_20260427-083000_083800_F.mp4
== Merging output files: 4/16 (25%) | elapsed 10m 01s | ETA 30m 05s | done 2093 MB in 2m 15s
  merging 10 clips (9.8 min) -> NO_20260427-083900_084815_F.mp4
== Merging output files: 5/16 (31%) | elapsed 12m 30s | ETA 27m 31s | done 2283 MB in 2m 28s
  merging 5 clips (4.7 min) -> NO_20260427-084915_085315_F.mp4
== Merging output files: 6/16 (38%) | elapsed 13m 42s | ETA 22m 50s | done 1102 MB in 1m 11s
  session 2/2: 1 clips, probing 1 new file(s)...
== Probing clip durations: 55/112 (49%) | elapsed 13m 42s | ETA 14m 12s | NO20260427-085655-041230F.MP4
  session 2/2 -> 1 output file(s)
  merging 1 clips (0.6 min) -> NO_20260427-085655_085655_F.mp4
== Merging output files: 7/16 (44%) | elapsed 13m 51s | ETA 17m 48s | done 134 MB in 8s

>>> Group 2/4: Normal/Back

--- Normal/Back: 55 clips, 2 sessions ---
  session 1/2: 54 clips, probing 54 new file(s)...
== Probing clip durations: 56/112 (50%) | elapsed 13m 51s | ETA 13m 51s | NO20260427-080000-041175B.MP4
== Probing clip durations: 57/112 (51%) | elapsed 13m 51s | ETA 13m 22s | NO20260427-080100-041176B.MP4
== Probing clip durations: 58/112 (52%) | elapsed 13m 51s | ETA 12m 54s | NO20260427-080200-041177B.MP4
== Probing clip durations: 59/112 (53%) | elapsed 13m 51s | ETA 12m 27s | NO20260427-080300-041178B.MP4
== Probing clip durations: 60/112 (54%) | elapsed 13m 52s | ETA 12m 01s | NO20260427-080400-041179B.MP4
== Probing clip durations: 61/112 (54%) | elapsed 13m 52s | ETA 11m 35s | NO20260427-080500-041180B.MP4
== Probing clip durations: 62/112 (55%) | elapsed 13m 52s | ETA 11m 11s | NO20260427-080600-041181B.MP4
== Probing clip durations: 63/112 (56%) | elapsed 13m 52s | ETA 10m 47s | NO20260427-080700-041182B.MP4
== Probing clip durations: 64/112 (57%) | elapsed 13m 52s | ETA 10m 24s | NO20260427-080800-041183B.MP4
== Probing clip durations: 65/112 (58%) | elapsed 13m 52s | ETA 10m 02s | NO20260427-080900-041184B.MP4
== Probing clip durations: 66/112 (59%) | elapsed 13m 52s | ETA 9m 40s | NO20260427-081000-041185B.MP4
== Probing clip durations: 67/112 (60%) | elapsed 13m 53s | ETA 9m 19s | NO20260427-081100-041186B.MP4
== Probing clip durations: 68/112 (61%) | elapsed 13m 53s | ETA 8m 59s | NO20260427-081200-041187B.MP4
== Probing clip durations: 69/112 (62%) | elapsed 13m 53s | ETA 8m 39s | NO20260427-081300-041188B.MP4
== Probing clip durations: 70/112 (62%) | elapsed 13m 53s | ETA 8m 20s | NO20260427-081400-041189B.MP4
== Probing clip durations: 71/112 (63%) | elapsed 13m 53s | ETA 8m 01s | NO20260427-081500-041190B.MP4
== Probing clip durations: 72/112 (64%) | elapsed 13m 53s | ETA 7m 43s | NO20260427-081600-041191B.MP4
== Probing clip durations: 73/112 (65%) | elapsed 13m 54s | ETA 7m 25s | NO20260427-081700-041192B.MP4
== Probing clip durations: 74/112 (66%) | elapsed 13m 54s | ETA 7m 08s | NO20260427-081800-041193B.MP4
== Probing clip durations: 75/112 (67%) | elapsed 13m 54s | ETA 6m 51s | NO20260427-081900-041194B.MP4
== Probing clip durations: 76/112 (68%) | elapsed 13m 54s | ETA 6m 35s | NO20260427-082000-041195B.MP4
== Probing clip durations: 77/112 (69%) | elapsed 13m 54s | ETA 6m 19s | NO20260427-082100-041196B.MP4
== Probing clip durations: 78/112 (70%) | elapsed 13m 54s | ETA 6m 03s | NO20260427-082200-041197B.MP4
== Probing clip durations: 79/112 (71%) | elapsed 13m 54s | ETA 5m 48s | NO20260427-082300-041198B.MP4
== Probing clip durations: 80/112 (71%) | elapsed 13m 55s | ETA 5m 34s | NO20260427-082400-041199B.MP4
== Probing clip durations: 81/112 (72%) | elapsed 13m 55s | ETA 5m 19s | NO20260427-082500-041200B.MP4
== Probing clip durations: 82/112 (73%) | elapsed 13m 55s | ETA 5m 05s | NO20260427-082600-041201B.MP4
== Probing clip durations: 83/112 (74%) | elapsed 13m 55s | ETA 4m 51s | NO20260427-082700-041202B.MP4
== Probing clip durations: 84/112 (75%) | elapsed 13m 55s | ETA 4m 38s | NO20260427-082800-041203B.MP4
== Probing clip durations: 85/112 (76%) | elapsed 13m 55s | ETA 4m 25s | NO20260427-082900-041204B.MP4
== Probing clip durations: 86/112 (77%) | elapsed 13m 55s | ETA 4m 12s | NO20260427-083000-041205B.MP4
== Probing clip durations: 87/112 (78%) | elapsed 13m 56s | ETA 4m 00s | NO20260427-083100-041206B.MP4
== Probing clip durations: 88/112 (79%) | elapsed 13m 56s | ETA 3m 48s | NO20260427-083200-041207B.MP4
== Probing clip durations: 89/112 (79%) | elapsed 13m 56s | ETA 3m 36s | NO20260427-083300-041208B.MP4
== Probing clip durations: 90/112 (80%) | elapsed 13m 56s | ETA 3m 24s | NO20260427-083400-041209B.MP4
== Probing clip durations: 91/112 (81%) | elapsed 13m 56s | ETA 3m 13s | NO20260427-083500-041210B.MP4
== Probing clip durations: 92/112 (82%) | elapsed 13m 56s | ETA 3m 01s | NO20260427-083600-041211B.MP4
== Probing clip durations: 93/112 (83%) | elapsed 13m 56s | ETA 2m 50s | NO20260427-083700-041212B.MP4
== Probing clip durations: 94/112 (84%) | elapsed 13m 57s | ETA 2m 40s | NO20260427-083800-041213B.MP4
== Probing clip durations: 95/112 (85%) | elapsed 13m 57s | ETA 2m 29s | NO20260427-083900-041214B.MP4
== Probing clip durations: 96/112 (86%) | elapsed 13m 57s | ETA 2m 19s | NO20260427-084000-041215B.MP4
== Probing clip durations: 97/112 (87%) | elapsed 13m 57s | ETA 2m 09s | NO20260427-084100-041216B.MP4
== Probing clip durations: 98/112 (88%) | elapsed 13m 57s | ETA 1m 59s | NO20260427-084200-041217B.MP4
== Probing clip durations: 99/112 (88%) | elapsed 13m 57s | ETA 1m 50s | NO20260427-084300-041218B.MP4
== Probing clip durations: 100/112 (89%) | elapsed 13m 58s | ETA 1m 40s | NO20260427-084400-041219B.MP4
== Probing clip durations: 101/112 (90%) | elapsed 13m 58s | ETA 1m 31s | NO20260427-084500-041220B.MP4
== Probing clip durations: 102/112 (91%) | elapsed 13m 58s | ETA 1m 22s | NO20260427-084600-041221B.MP4
== Probing clip durations: 103/112 (92%) | elapsed 13m 58s | ETA 1m 13s | NO20260427-084700-041222B.MP4
== Probing clip durations: 104/112 (93%) | elapsed 13m 58s | ETA 1m 04s | NO20260427-084815-041224B.MP4
== Probing clip durations: 105/112 (94%) | elapsed 13m 58s | ETA 55s | NO20260427-084915-041225B.MP4
== Probing clip durations: 106/112 (95%) | elapsed 13m 58s | ETA 47s | NO20260427-085015-041226B.MP4
== Probing clip durations: 107/112 (96%) | elapsed 13m 58s | ETA 39s | NO20260427-085115-041227B.MP4
== Probing clip durations: 108/112 (96%) | elapsed 13m 59s | ETA 31s | NO20260427-085215-041228B.MP4
== Probing clip durations: 109/112 (97%) | elapsed 13m 59s | ETA 23s | NO20260427-085315-041229B.MP4
  session 1/2 -> 6 output file(s)
  merging 9 clips (9.0 min) -> NO_20260427-080000_080800_B.mp4
== Merging output files: 8/16 (50%) | elapsed 14m 33s | ETA 14m 33s | done 558 MB in 34s
  merging 9 clips (9.0 min) -> NO_20260427-080900_081700_B.mp4
== Merging output files: 9/16 (56%) | elapsed 15m 07s | ETA 11m 45s | done 558 MB in 33s
  merging 9 clips (9.0 min) -> NO_20260427-081800_082600_B.mp4
== Merging output files: 10/16 (62%) | elapsed 15m 40s | ETA 9m 24s | done 558 MB in 32s
  merging 10 clips (10.0 min) -> NO_20260427-082700_083600_B.mp4
== Merging output files: 11/16 (69%) | elapsed 16m 16s | ETA 7m 23s | done 619 MB in 36s
  merging 9 clips (9.0 min) -> NO_20260427-083700_084500_B.mp4
== Merging output files: 12/16 (75%) | elapsed 16m 49s | ETA 5m 36s | done 558 MB in 32s
  merging 8 clips (7.6 min) -> NO_20260427-084600_085315_B.mp4
== Merging output files: 13/16 (81%) | elapsed 17m 16s | ETA 3m 59s | done 468 MB in 27s
  session 2/2: 1 clips, probing 1 new file(s)...
== Probing clip durations: 110/112 (98%) | elapsed 17m 16s | ETA 18s | NO20260427-085655-041230B.MP4
  session 2/2 -> 1 output file(s)
  merging 1 clips (0.6 min) -> NO_20260427-085655_085655_B.mp4
== Merging output files: 14/16 (88%) | elapsed 17m 19s | ETA 2m 28s | done 36 MB in 2s

>>> Group 3/4: Event/Front

--- Event/Front: 1 clips, 1 sessions ---
  session 1/1: 1 clips, probing 1 new file(s)...
== Probing clip durations: 111/112 (99%) | elapsed 17m 19s | ETA 9s | EV20260427-084748-041223F.MP4
  session 1/1 -> 1 output file(s)
  merging 1 clips (0.5 min) -> EV_20260427-084748_084748_F.mp4
== Merging output files: 15/16 (94%) | elapsed 17m 26s | ETA 1m 09s | done 116 MB in 7s

>>> Group 4/4: Event/Back

--- Event/Back: 1 clips, 1 sessions ---
  session 1/1: 1 clips, probing 1 new file(s)...
== Probing clip durations: 112/112 (100%) | elapsed 17m 26s | ETA 0s | EV20260427-084748-041223B.MP4
  session 1/1 -> 1 output file(s)
  merging 1 clips (0.5 min) -> EV_20260427-084748_084748_B.mp4
== Merging output files: 16/16 (100%) | elapsed 17m 28s | ETA 0s | done 31 MB in 1s

Done in 17m 29s: 16 merged, 0 skipped, 0 failed
