Source:  /Volumes/Untitled
Output:  /Users/cuthbert/work_local/70mai_project/video
Chunk:   10 min
Gap:     120 sec
Types:   Normal, Event, Parking
Cameras: Front, Back

Found 1906 clips in 6 group(s)
Estimated output files: ~920
== Probing clip durations: 0/1906 (0%) | elapsed 0s
== Merging output files: 0/920 (0%) | elapsed 0s

>>> Group 1/6: Normal/Front

--- Normal/Front: 463 clips, 11 sessions ---
  session 1/11: 47 clips, probing 47 new file(s)...
== Probing clip durations: 1/1906 (0%) | elapsed 0s | ETA 1s | NO20260425-130119-040747F.MP4
== Probing clip durations: 2/1906 (0%) | elapsed 0s | ETA 4m 02s | NO20260425-130219-040748F.MP4
== Probing clip durations: 3/1906 (0%) | elapsed 0s | ETA 5m 37s | NO20260425-130319-040749F.MP4
== Probing clip durations: 4/1906 (0%) | elapsed 0s | ETA 6m 08s | NO20260425-130419-040750F.MP4
== Probing clip durations: 5/1906 (0%) | elapsed 1s | ETA 6m 29s | NO20260425-130519-040751F.MP4
== Probing clip durations: 6/1906 (0%) | elapsed 1s | ETA 6m 24s | NO20260425-130619-040752F.MP4
== Probing clip durations: 7/1906 (0%) | elapsed 1s | ETA 6m 36s | NO20260425-130719-040753F.MP4
== Probing clip durations: 8/1906 (0%) | elapsed 1s | ETA 6m 42s | NO20260425-130819-040754F.MP4
== Probing clip durations: 9/1906 (0%) | elapsed 1s | ETA 6m 51s | NO20260425-130919-040755F.MP4
== Probing clip durations: 10/1906 (1%) | elapsed 2s | ETA 7m 05s | NO20260425-131019-040756F.MP4
== Probing clip durations: 11/1906 (1%) | elapsed 2s | ETA 7m 18s | NO20260425-131119-040757F.MP4
== Probing clip durations: 12/1906 (1%) | elapsed 2s | ETA 7m 28s | NO20260425-131219-040758F.MP4
== Probing clip durations: 13/1906 (1%) | elapsed 3s | ETA 7m 29s | NO20260425-131319-040759F.MP4
== Probing clip durations: 14/1906 (1%) | elapsed 3s | ETA 7m 33s | NO20260425-131419-040760F.MP4
== Probing clip durations: 15/1906 (1%) | elapsed 3s | ETA 7m 31s | NO20260425-131519-040761F.MP4
== Probing clip durations: 16/1906 (1%) | elapsed 3s | ETA 7m 26s | NO20260425-131619-040762F.MP4
== Probing clip durations: 17/1906 (1%) | elapsed 4s | ETA 7m 27s | NO20260425-131719-040763F.MP4
== Probing clip durations: 18/1906 (1%) | elapsed 4s | ETA 7m 28s | NO20260425-131819-040764F.MP4
== Probing clip durations: 19/1906 (1%) | elapsed 4s | ETA 7m 35s | NO20260425-131919-040765F.MP4
== Probing clip durations: 20/1906 (1%) | elapsed 4s | ETA 7m 32s | NO20260425-132019-040766F.MP4
== Probing clip durations: 21/1906 (1%) | elapsed 5s | ETA 7m 37s | NO20260425-132119-040767F.MP4
== Probing clip durations: 22/1906 (1%) | elapsed 5s | ETA 7m 31s | NO20260425-132149-040769F.MP4
== Probing clip durations: 23/1906 (1%) | elapsed 5s | ETA 7m 30s | NO20260425-132249-040770F.MP4
== Probing clip durations: 24/1906 (1%) | elapsed 5s | ETA 7m 28s | NO20260425-132349-040771F.MP4
== Probing clip durations: 25/1906 (1%) | elapsed 5s | ETA 7m 24s | NO20260425-132449-040772F.MP4
== Probing clip durations: 26/1906 (1%) | elapsed 6s | ETA 7m 30s | NO20260425-132549-040773F.MP4
== Probing clip durations: 27/1906 (1%) | elapsed 6s | ETA 7m 28s | NO20260425-132649-040774F.MP4
== Probing clip durations: 28/1906 (1%) | elapsed 6s | ETA 7m 29s | NO20260425-132749-040775F.MP4
== Probing clip durations: 29/1906 (2%) | elapsed 6s | ETA 7m 28s | NO20260425-132849-040776F.MP4
== Probing clip durations: 30/1906 (2%) | elapsed 7s | ETA 7m 25s | NO20260425-132949-040777F.MP4
== Probing clip durations: 31/1906 (2%) | elapsed 7s | ETA 7m 24s | NO20260425-133049-040778F.MP4
== Probing clip durations: 32/1906 (2%) | elapsed 7s | ETA 7m 30s | NO20260425-133149-040779F.MP4
== Probing clip durations: 33/1906 (2%) | elapsed 7s | ETA 7m 28s | NO20260425-133249-040780F.MP4
== Probing clip durations: 34/1906 (2%) | elapsed 8s | ETA 7m 26s | NO20260425-133349-040781F.MP4
== Probing clip durations: 35/1906 (2%) | elapsed 8s | ETA 7m 22s | NO20260425-133449-040782F.MP4
== Probing clip durations: 36/1906 (2%) | elapsed 8s | ETA 7m 24s | NO20260425-133549-040783F.MP4
== Probing clip durations: 37/1906 (2%) | elapsed 8s | ETA 7m 22s | NO20260425-133649-040784F.MP4
== Probing clip durations: 38/1906 (2%) | elapsed 8s | ETA 7m 20s | NO20260425-133749-040785F.MP4
== Probing clip durations: 39/1906 (2%) | elapsed 9s | ETA 7m 18s | NO20260425-133849-040786F.MP4
== Probing clip durations: 40/1906 (2%) | elapsed 9s | ETA 7m 16s | NO20260425-133949-040787F.MP4
== Probing clip durations: 41/1906 (2%) | elapsed 9s | ETA 7m 13s | NO20260425-134049-040788F.MP4
== Probing clip durations: 42/1906 (2%) | elapsed 9s | ETA 7m 15s | NO20260425-134149-040789F.MP4
== Probing clip durations: 43/1906 (2%) | elapsed 10s | ETA 7m 16s | NO20260425-134249-040790F.MP4
== Probing clip durations: 44/1906 (2%) | elapsed 10s | ETA 7m 17s | NO20260425-134349-040791F.MP4
== Probing clip durations: 45/1906 (2%) | elapsed 10s | ETA 7m 20s | NO20260425-134449-040792F.MP4
== Probing clip durations: 46/1906 (2%) | elapsed 10s | ETA 7m 18s | NO20260425-134549-040793F.MP4
== Probing clip durations: 47/1906 (2%) | elapsed 11s | ETA 7m 16s | NO20260425-134649-040794F.MP4
  session 1/11 -> 5 output file(s)
  merging 10 clips (10.0 min) -> NO_20260425-130119_131019_F.mp4
